<?xml version="1.0" encoding="UTF-8"?>
<testng-results ignored="0" total="3" passed="3" failed="0" skipped="0">
  <reporter-output>
  </reporter-output>
  <suite started-at="2024-03-24T01:21:43 TRT" name="Default suite" finished-at="2024-03-24T01:21:46 TRT" duration-ms="2908">
    <groups>
    </groups>
    <test started-at="2024-03-24T01:21:43 TRT" name="Default test" finished-at="2024-03-24T01:21:46 TRT" duration-ms="2908">
      <class name="files.DynamicJson">
        <test-method signature="addBook(java.lang.String,java.lang.String)[pri:0, instance:files.DynamicJson@14cd1699]" started-at="2024-03-24T01:21:43 TRT" name="addBook" data-provider="BooksData" finished-at="2024-03-24T01:21:45 TRT" duration-ms="1992" status="PASS">
          <params>
            <param index="0">
              <value>
                <![CDATA[kitap1]]>
              </value>
            </param>
            <param index="1">
              <value>
                <![CDATA[1001]]>
              </value>
            </param>
          </params>
          <reporter-output>
          </reporter-output>
        </test-method> <!-- addBook -->
        <test-method signature="addBook(java.lang.String,java.lang.String)[pri:0, instance:files.DynamicJson@14cd1699]" started-at="2024-03-24T01:21:45 TRT" name="addBook" data-provider="BooksData" finished-at="2024-03-24T01:21:46 TRT" duration-ms="439" status="PASS">
          <params>
            <param index="0">
              <value>
                <![CDATA[kitap2]]>
              </value>
            </param>
            <param index="1">
              <value>
                <![CDATA[1002]]>
              </value>
            </param>
          </params>
          <reporter-output>
          </reporter-output>
        </test-method> <!-- addBook -->
        <test-method signature="addBook(java.lang.String,java.lang.String)[pri:0, instance:files.DynamicJson@14cd1699]" started-at="2024-03-24T01:21:46 TRT" name="addBook" data-provider="BooksData" finished-at="2024-03-24T01:21:46 TRT" duration-ms="439" status="PASS">
          <params>
            <param index="0">
              <value>
                <![CDATA[kitap3]]>
              </value>
            </param>
            <param index="1">
              <value>
                <![CDATA[1003]]>
              </value>
            </param>
          </params>
          <reporter-output>
          </reporter-output>
        </test-method> <!-- addBook -->
      </class> <!-- files.DynamicJson -->
    </test> <!-- Default test -->
  </suite> <!-- Default suite -->
</testng-results>
